{"/Users/claudebarde/Desktop/current_projects/counter-template/contract/src/witnesses.ts": {"path":"/Users/claudebarde/Desktop/current_projects/counter-template/contract/src/witnesses.ts","statementMap":{"0":{"start":{"line":4,"column":13},"end":{"line":4,"column":28}}},"fnMap":{},"branchMap":{},"s":{"0":1},"f":{},"b":{}}
,"/Users/claudebarde/Desktop/current_projects/counter-template/contract/src/managed/counter/contract/index.cjs": {"path":"/Users/claudebarde/Desktop/current_projects/counter-template/contract/src/managed/counter/contract/index.cjs","statementMap":{"0":{"start":{"line":2,"column":25},"end":{"line":2,"column":67}},"1":{"start":{"line":3,"column":37},"end":{"line":3,"column":44}},"2":{"start":{"line":4,"column":31},"end":{"line":4,"column":96}},"3":{"start":{"line":5,"column":29},"end":{"line":5,"column":96}},"4":{"start":{"line":6,"column":0},"end":{"line":10,"column":164}},"5":{"start":{"line":10,"column":3},"end":{"line":10,"column":164}},"6":{"start":{"line":11,"column":20},"end":{"line":11,"column":156}},"7":{"start":{"line":12,"column":2},"end":{"line":13,"column":152}},"8":{"start":{"line":13,"column":5},"end":{"line":13,"column":152}},"9":{"start":{"line":16,"column":22},"end":{"line":16,"column":80}},"10":{"start":{"line":18,"column":22},"end":{"line":18,"column":63}},"11":{"start":{"line":22,"column":4},"end":{"line":22,"column":37}},"12":{"start":{"line":25,"column":4},"end":{"line":27,"column":5}},"13":{"start":{"line":30,"column":4},"end":{"line":30,"column":48}},"14":{"start":{"line":34,"column":22},"end":{"line":34,"column":46}},"15":{"start":{"line":36,"column":22},"end":{"line":36,"column":95}},"16":{"start":{"line":38,"column":22},"end":{"line":38,"column":63}},"17":{"start":{"line":40,"column":22},"end":{"line":40,"column":78}},"18":{"start":{"line":45,"column":4},"end":{"line":46,"column":118}},"19":{"start":{"line":46,"column":6},"end":{"line":46,"column":118}},"20":{"start":{"line":47,"column":24},"end":{"line":47,"column":33}},"21":{"start":{"line":48,"column":4},"end":{"line":49,"column":117}},"22":{"start":{"line":49,"column":6},"end":{"line":49,"column":117}},"23":{"start":{"line":50,"column":4},"end":{"line":50,"column":33}},"24":{"start":{"line":51,"column":4},"end":{"line":73,"column":6}},"25":{"start":{"line":53,"column":8},"end":{"line":54,"column":140}},"26":{"start":{"line":54,"column":10},"end":{"line":54,"column":140}},"27":{"start":{"line":55,"column":30},"end":{"line":55,"column":39}},"28":{"start":{"line":56,"column":8},"end":{"line":61,"column":52}},"29":{"start":{"line":57,"column":10},"end":{"line":61,"column":52}},"30":{"start":{"line":62,"column":24},"end":{"line":62,"column":44}},"31":{"start":{"line":63,"column":33},"end":{"line":68,"column":9}},"32":{"start":{"line":69,"column":25},"end":{"line":69,"column":70}},"33":{"start":{"line":70,"column":8},"end":{"line":70,"column":63}},"34":{"start":{"line":71,"column":8},"end":{"line":71,"column":83}},"35":{"start":{"line":74,"column":4},"end":{"line":74,"column":65}},"36":{"start":{"line":77,"column":4},"end":{"line":78,"column":153}},"37":{"start":{"line":78,"column":6},"end":{"line":78,"column":153}},"38":{"start":{"line":79,"column":33},"end":{"line":79,"column":42}},"39":{"start":{"line":80,"column":4},"end":{"line":82,"column":5}},"40":{"start":{"line":81,"column":6},"end":{"line":81,"column":166}},"41":{"start":{"line":83,"column":4},"end":{"line":85,"column":5}},"42":{"start":{"line":84,"column":6},"end":{"line":84,"column":154}},"43":{"start":{"line":86,"column":4},"end":{"line":88,"column":5}},"44":{"start":{"line":87,"column":6},"end":{"line":87,"column":170}},"45":{"start":{"line":89,"column":20},"end":{"line":89,"column":56}},"46":{"start":{"line":90,"column":23},"end":{"line":90,"column":61}},"47":{"start":{"line":91,"column":4},"end":{"line":91,"column":81}},"48":{"start":{"line":92,"column":4},"end":{"line":92,"column":32}},"49":{"start":{"line":93,"column":4},"end":{"line":93,"column":80}},"50":{"start":{"line":94,"column":20},"end":{"line":99,"column":5}},"51":{"start":{"line":100,"column":29},"end":{"line":105,"column":5}},"52":{"start":{"line":106,"column":4},"end":{"line":115,"column":56}},"53":{"start":{"line":116,"column":4},"end":{"line":116,"column":52}},"54":{"start":{"line":117,"column":4},"end":{"line":121,"column":5}},"55":{"start":{"line":124,"column":18},"end":{"line":124,"column":20}},"56":{"start":{"line":125,"column":4},"end":{"line":139,"column":55}},"57":{"start":{"line":140,"column":4},"end":{"line":140,"column":14}},"58":{"start":{"line":144,"column":4},"end":{"line":148,"column":5}},"59":{"start":{"line":145,"column":6},"end":{"line":145,"column":96}},"60":{"start":{"line":147,"column":6},"end":{"line":147,"column":62}},"61":{"start":{"line":149,"column":4},"end":{"line":149,"column":45}},"62":{"start":{"line":150,"column":16},"end":{"line":150,"column":58}},"63":{"start":{"line":150,"column":41},"end":{"line":150,"column":57}},"64":{"start":{"line":151,"column":12},"end":{"line":151,"column":13}},"65":{"start":{"line":152,"column":4},"end":{"line":161,"column":8}},"66":{"start":{"line":153,"column":6},"end":{"line":160,"column":7}},"67":{"start":{"line":154,"column":8},"end":{"line":157,"column":12}},"68":{"start":{"line":159,"column":8},"end":{"line":159,"column":18}},"69":{"start":{"line":162,"column":4},"end":{"line":166,"column":5}},"70":{"start":{"line":163,"column":6},"end":{"line":163,"column":35}},"71":{"start":{"line":165,"column":6},"end":{"line":165,"column":24}},"72":{"start":{"line":170,"column":18},"end":{"line":173,"column":3}},"73":{"start":{"line":174,"column":27},"end":{"line":179,"column":3}},"74":{"start":{"line":180,"column":2},"end":{"line":195,"column":4}},"75":{"start":{"line":182,"column":6},"end":{"line":193,"column":96}},"76":{"start":{"line":197,"column":22},"end":{"line":200,"column":1}},"77":{"start":{"line":201,"column":23},"end":{"line":201,"column":40}},"78":{"start":{"line":202,"column":21},"end":{"line":202,"column":24}},"79":{"start":{"line":203,"column":35},"end":{"line":203,"column":77}},"80":{"start":{"line":204,"column":0},"end":{"line":204,"column":28}},"81":{"start":{"line":205,"column":0},"end":{"line":205,"column":24}},"82":{"start":{"line":206,"column":0},"end":{"line":206,"column":36}},"83":{"start":{"line":207,"column":0},"end":{"line":207,"column":64}}},"fnMap":{"0":{"name":"(anonymous_0)","decl":{"start":{"line":21,"column":2},"end":{"line":21,"column":3}},"loc":{"start":{"line":21,"column":14},"end":{"line":23,"column":3}},"line":21},"1":{"name":"(anonymous_1)","decl":{"start":{"line":24,"column":2},"end":{"line":24,"column":3}},"loc":{"start":{"line":24,"column":21},"end":{"line":28,"column":3}},"line":24},"2":{"name":"(anonymous_2)","decl":{"start":{"line":29,"column":2},"end":{"line":29,"column":3}},"loc":{"start":{"line":29,"column":19},"end":{"line":31,"column":3}},"line":29},"3":{"name":"(anonymous_3)","decl":{"start":{"line":44,"column":2},"end":{"line":44,"column":3}},"loc":{"start":{"line":44,"column":25},"end":{"line":75,"column":3}},"line":44},"4":{"name":"(anonymous_4)","decl":{"start":{"line":52,"column":17},"end":{"line":52,"column":18}},"loc":{"start":{"line":52,"column":32},"end":{"line":72,"column":7}},"line":52},"5":{"name":"(anonymous_5)","decl":{"start":{"line":76,"column":2},"end":{"line":76,"column":3}},"loc":{"start":{"line":76,"column":26},"end":{"line":122,"column":3}},"line":76},"6":{"name":"(anonymous_6)","decl":{"start":{"line":142,"column":2},"end":{"line":142,"column":3}},"loc":{"start":{"line":142,"column":49},"end":{"line":167,"column":3}},"line":142},"7":{"name":"(anonymous_7)","decl":{"start":{"line":150,"column":34},"end":{"line":150,"column":35}},"loc":{"start":{"line":150,"column":41},"end":{"line":150,"column":57}},"line":150},"8":{"name":"(anonymous_8)","decl":{"start":{"line":152,"column":90},"end":{"line":152,"column":91}},"loc":{"start":{"line":152,"column":98},"end":{"line":161,"column":5}},"line":152},"9":{"name":"ledger","decl":{"start":{"line":169,"column":9},"end":{"line":169,"column":15}},"loc":{"start":{"line":169,"column":23},"end":{"line":196,"column":1}},"line":169},"10":{"name":"(anonymous_10)","decl":{"start":{"line":181,"column":4},"end":{"line":181,"column":5}},"loc":{"start":{"line":181,"column":16},"end":{"line":194,"column":5}},"line":181}},"branchMap":{"0":{"loc":{"start":{"line":6,"column":0},"end":{"line":10,"column":164}},"type":"if","locations":[{"start":{"line":6,"column":0},"end":{"line":10,"column":164}},{"start":{},"end":{}}],"line":6},"1":{"loc":{"start":{"line":6,"column":4},"end":{"line":9,"column":117}},"type":"binary-expr","locations":[{"start":{"line":6,"column":4},"end":{"line":6,"column":56}},{"start":{"line":7,"column":9},"end":{"line":7,"column":37}},{"start":{"line":7,"column":41},"end":{"line":7,"column":93}},{"start":{"line":8,"column":8},"end":{"line":8,"column":59}},{"start":{"line":9,"column":9},"end":{"line":9,"column":61}},{"start":{"line":9,"column":65},"end":{"line":9,"column":116}}],"line":6},"2":{"loc":{"start":{"line":12,"column":2},"end":{"line":13,"column":152}},"type":"if","locations":[{"start":{"line":12,"column":2},"end":{"line":13,"column":152}},{"start":{},"end":{}}],"line":12},"3":{"loc":{"start":{"line":45,"column":4},"end":{"line":46,"column":118}},"type":"if","locations":[{"start":{"line":45,"column":4},"end":{"line":46,"column":118}},{"start":{},"end":{}}],"line":45},"4":{"loc":{"start":{"line":48,"column":4},"end":{"line":49,"column":117}},"type":"if","locations":[{"start":{"line":48,"column":4},"end":{"line":49,"column":117}},{"start":{},"end":{}}],"line":48},"5":{"loc":{"start":{"line":53,"column":8},"end":{"line":54,"column":140}},"type":"if","locations":[{"start":{"line":53,"column":8},"end":{"line":54,"column":140}},{"start":{},"end":{}}],"line":53},"6":{"loc":{"start":{"line":56,"column":8},"end":{"line":61,"column":52}},"type":"if","locations":[{"start":{"line":56,"column":8},"end":{"line":61,"column":52}},{"start":{},"end":{}}],"line":56},"7":{"loc":{"start":{"line":56,"column":14},"end":{"line":56,"column":141}},"type":"binary-expr","locations":[{"start":{"line":56,"column":14},"end":{"line":56,"column":48}},{"start":{"line":56,"column":52},"end":{"line":56,"column":92}},{"start":{"line":56,"column":96},"end":{"line":56,"column":141}}],"line":56},"8":{"loc":{"start":{"line":77,"column":4},"end":{"line":78,"column":153}},"type":"if","locations":[{"start":{"line":77,"column":4},"end":{"line":78,"column":153}},{"start":{},"end":{}}],"line":77},"9":{"loc":{"start":{"line":80,"column":4},"end":{"line":82,"column":5}},"type":"if","locations":[{"start":{"line":80,"column":4},"end":{"line":82,"column":5}},{"start":{},"end":{}}],"line":80},"10":{"loc":{"start":{"line":83,"column":4},"end":{"line":85,"column":5}},"type":"if","locations":[{"start":{"line":83,"column":4},"end":{"line":85,"column":5}},{"start":{},"end":{}}],"line":83},"11":{"loc":{"start":{"line":86,"column":4},"end":{"line":88,"column":5}},"type":"if","locations":[{"start":{"line":86,"column":4},"end":{"line":88,"column":5}},{"start":{},"end":{}}],"line":86},"12":{"loc":{"start":{"line":153,"column":6},"end":{"line":160,"column":7}},"type":"if","locations":[{"start":{"line":153,"column":6},"end":{"line":160,"column":7}},{"start":{"line":158,"column":13},"end":{"line":160,"column":7}}],"line":153},"13":{"loc":{"start":{"line":153,"column":9},"end":{"line":153,"column":49}},"type":"binary-expr","locations":[{"start":{"line":153,"column":9},"end":{"line":153,"column":32}},{"start":{"line":153,"column":36},"end":{"line":153,"column":49}}],"line":153},"14":{"loc":{"start":{"line":162,"column":4},"end":{"line":166,"column":5}},"type":"if","locations":[{"start":{"line":162,"column":4},"end":{"line":166,"column":5}},{"start":{"line":164,"column":11},"end":{"line":166,"column":5}}],"line":162},"15":{"loc":{"start":{"line":162,"column":7},"end":{"line":162,"column":61}},"type":"binary-expr","locations":[{"start":{"line":162,"column":7},"end":{"line":162,"column":29}},{"start":{"line":162,"column":33},"end":{"line":162,"column":61}}],"line":162}},"s":{"0":1,"1":1,"2":1,"3":1,"4":1,"5":0,"6":1,"7":1,"8":0,"9":1,"10":1,"11":0,"12":0,"13":0,"14":1,"15":1,"16":1,"17":1,"18":5,"19":0,"20":5,"21":5,"22":0,"23":5,"24":5,"25":1,"26":0,"27":1,"28":1,"29":0,"30":1,"31":1,"32":1,"33":1,"34":1,"35":5,"36":4,"37":0,"38":4,"39":4,"40":0,"41":4,"42":0,"43":4,"44":0,"45":4,"46":4,"47":4,"48":4,"49":4,"50":4,"51":4,"52":4,"53":4,"54":4,"55":1,"56":1,"57":1,"58":13,"59":13,"60":0,"61":13,"62":13,"63":8,"64":13,"65":13,"66":39,"67":8,"68":31,"69":13,"70":8,"71":5,"72":4,"73":4,"74":4,"75":8,"76":1,"77":1,"78":1,"79":1,"80":1,"81":1,"82":1,"83":1},"f":{"0":0,"1":0,"2":0,"3":5,"4":1,"5":4,"6":13,"7":8,"8":39,"9":4,"10":8},"b":{"0":[0,1],"1":[1,1,1,1,1,1],"2":[0,1],"3":[0,5],"4":[0,5],"5":[0,1],"6":[0,1],"7":[1,1,1],"8":[0,4],"9":[0,4],"10":[0,4],"11":[0,4],"12":[8,31],"13":[39,39],"14":[8,5],"15":[13,8]},"inputSourceMap":null,"_coverageSchema":"1a1c01bbd47fc00a2c39e90264f33305004495a9","hash":"d442cafe79d3d821d743b351f80b5b846bb83377"}
,"/Users/claudebarde/Desktop/current_projects/counter-template/contract/src/test/counter-simulator.ts": {"path":"/Users/claudebarde/Desktop/current_projects/counter-template/contract/src/test/counter-simulator.ts","statementMap":{"0":{"start":{"line":1,"column":0},"end":{"line":1,"column":127}},"1":{"start":{"line":2,"column":0},"end":{"line":2,"column":86}},"2":{"start":{"line":3,"column":0},"end":{"line":3,"column":70}},"3":{"start":{"line":12,"column":4},"end":{"line":12,"column":65}},"4":{"start":{"line":13,"column":82},"end":{"line":14,"column":null}},"5":{"start":{"line":16,"column":4},"end":{"line":21,"column":6}},"6":{"start":{"line":25,"column":4},"end":{"line":25,"column":64}},"7":{"start":{"line":29,"column":4},"end":{"line":29,"column":51}},"8":{"start":{"line":34,"column":4},"end":{"line":34,"column":94}},"9":{"start":{"line":35,"column":4},"end":{"line":35,"column":64}},"10":{"start":{"line":7,"column":0},"end":{"line":7,"column":13}}},"fnMap":{"0":{"name":"(anonymous_0)","decl":{"start":{"line":11,"column":2},"end":{"line":11,"column":null}},"loc":{"start":{"line":11,"column":2},"end":{"line":22,"column":3}}},"1":{"name":"(anonymous_1)","decl":{"start":{"line":24,"column":9},"end":{"line":24,"column":18}},"loc":{"start":{"line":24,"column":18},"end":{"line":26,"column":3}}},"2":{"name":"(anonymous_2)","decl":{"start":{"line":28,"column":9},"end":{"line":28,"column":24}},"loc":{"start":{"line":28,"column":24},"end":{"line":30,"column":3}}},"3":{"name":"(anonymous_3)","decl":{"start":{"line":32,"column":9},"end":{"line":32,"column":18}},"loc":{"start":{"line":32,"column":18},"end":{"line":36,"column":3}}}},"branchMap":{},"s":{"0":1,"1":1,"2":1,"3":4,"4":4,"5":4,"6":3,"7":2,"8":1,"9":1,"10":1},"f":{"0":4,"1":3,"2":2,"3":1},"b":{}}
}
