TN:
SF:src/witnesses.ts
FNF:0
FNH:0
DA:4,1
LF:1
LH:1
BRF:0
BRH:0
end_of_record
TN:
SF:src/managed/counter/contract/index.cjs
FN:21,(anonymous_0)
FN:24,(anonymous_1)
FN:29,(anonymous_2)
FN:44,(anonymous_3)
FN:52,(anonymous_4)
FN:76,(anonymous_5)
FN:142,(anonymous_6)
FN:150,(anonymous_7)
FN:152,(anonymous_8)
FN:169,ledger
FN:181,(anonymous_10)
FNF:11
FNH:8
FNDA:0,(anonymous_0)
FNDA:0,(anonymous_1)
FNDA:0,(anonymous_2)
FNDA:5,(anonymous_3)
FNDA:1,(anonymous_4)
FNDA:4,(anonymous_5)
FNDA:13,(anonymous_6)
FNDA:8,(anonymous_7)
FNDA:39,(anonymous_8)
FNDA:4,ledger
FNDA:8,(anonymous_10)
DA:2,1
DA:3,1
DA:4,1
DA:5,1
DA:6,1
DA:10,0
DA:11,1
DA:12,1
DA:13,0
DA:16,1
DA:18,1
DA:22,0
DA:25,0
DA:30,0
DA:34,1
DA:36,1
DA:38,1
DA:40,1
DA:45,5
DA:46,0
DA:47,5
DA:48,5
DA:49,0
DA:50,5
DA:51,5
DA:53,1
DA:54,0
DA:55,1
DA:56,1
DA:57,0
DA:62,1
DA:63,1
DA:69,1
DA:70,1
DA:71,1
DA:74,5
DA:77,4
DA:78,0
DA:79,4
DA:80,4
DA:81,0
DA:83,4
DA:84,0
DA:86,4
DA:87,0
DA:89,4
DA:90,4
DA:91,4
DA:92,4
DA:93,4
DA:94,4
DA:100,4
DA:106,4
DA:116,4
DA:117,4
DA:124,1
DA:125,1
DA:140,1
DA:144,13
DA:145,13
DA:147,0
DA:149,13
DA:150,13
DA:151,13
DA:152,13
DA:153,39
DA:154,8
DA:159,31
DA:162,13
DA:163,8
DA:165,5
DA:170,4
DA:174,4
DA:180,4
DA:182,8
DA:197,1
DA:201,1
DA:202,1
DA:203,1
DA:204,1
DA:205,1
DA:206,1
DA:207,1
LF:83
LH:69
BRDA:6,0,0,0
BRDA:6,0,1,1
BRDA:6,1,0,1
BRDA:6,1,1,1
BRDA:6,1,2,1
BRDA:6,1,3,1
BRDA:6,1,4,1
BRDA:6,1,5,1
BRDA:12,2,0,0
BRDA:12,2,1,1
BRDA:45,3,0,0
BRDA:45,3,1,5
BRDA:48,4,0,0
BRDA:48,4,1,5
BRDA:53,5,0,0
BRDA:53,5,1,1
BRDA:56,6,0,0
BRDA:56,6,1,1
BRDA:56,7,0,1
BRDA:56,7,1,1
BRDA:56,7,2,1
BRDA:77,8,0,0
BRDA:77,8,1,4
BRDA:80,9,0,0
BRDA:80,9,1,4
BRDA:83,10,0,0
BRDA:83,10,1,4
BRDA:86,11,0,0
BRDA:86,11,1,4
BRDA:153,12,0,8
BRDA:153,12,1,31
BRDA:153,13,0,39
BRDA:153,13,1,39
BRDA:162,14,0,8
BRDA:162,14,1,5
BRDA:162,15,0,13
BRDA:162,15,1,8
BRF:37
BRH:27
end_of_record
TN:
SF:src/test/counter-simulator.ts
FN:11,(anonymous_0)
FN:24,(anonymous_1)
FN:28,(anonymous_2)
FN:32,(anonymous_3)
FNF:4
FNH:4
FNDA:4,(anonymous_0)
FNDA:3,(anonymous_1)
FNDA:2,(anonymous_2)
FNDA:1,(anonymous_3)
DA:1,1
DA:2,1
DA:3,1
DA:7,1
DA:12,4
DA:13,4
DA:16,4
DA:25,3
DA:29,2
DA:34,1
DA:35,1
LF:11
LH:11
BRF:0
BRH:0
end_of_record
